0 info it worked if it ends with ok
1 verbose cli [ 'D:\\Program Files (x86)\\node.exe',
1 verbose cli   'D:\\Program Files (x86)\\node_modules\\npm\\bin\\npm-cli.js',
1 verbose cli   'start' ]
2 info using npm@3.10.10
3 info using node@v6.9.4
4 verbose run-script [ 'prestart', 'start', 'poststart' ]
5 info lifecycle AluraTyper@1.0.0~prestart: AluraTyper@1.0.0
6 silly lifecycle AluraTyper@1.0.0~prestart: no script for prestart, continuing
7 info lifecycle AluraTyper@1.0.0~start: AluraTyper@1.0.0
8 verbose lifecycle AluraTyper@1.0.0~start: unsafe-perm in lifecycle true
9 verbose lifecycle AluraTyper@1.0.0~start: PATH: D:\Program Files (x86)\node_modules\npm\bin\node-gyp-bin;C:\Users\Gcarp\Documents\Cursos Alura - Aulas\Curso Alura - JQUERY - DOMINE A BIBLIOTECA MAIS POPULAR DO MERCADO\alura-typer\servidor\node_modules\.bin;C:\Windows\system32;C:\Windows;C:\Windows\System32\Wbem;C:\Windows\System32\WindowsPowerShell\v1.0\;C:\Program Files\MySQL\MySQL Utilities 1.6\;D:\Program Files (x86)\;C:\Users\Gcarp\AppData\Local\Microsoft\WindowsApps;C:\Users\Gcarp\AppData\Local\atom\bin;C:\Program Files (x86)\Google\google_appengine\;C:\Users\Gcarp\AppData\Roaming\npm
10 verbose lifecycle AluraTyper@1.0.0~start: CWD: C:\Users\Gcarp\Documents\Cursos Alura - Aulas\Curso Alura - JQUERY - DOMINE A BIBLIOTECA MAIS POPULAR DO MERCADO\alura-typer\servidor
11 silly lifecycle AluraTyper@1.0.0~start: Args: [ '/d /s /c', 'node server' ]
12 silly lifecycle AluraTyper@1.0.0~start: Returned: code: 3221225786  signal: null
13 info lifecycle AluraTyper@1.0.0~start: Failed to exec start script
14 verbose stack Error: AluraTyper@1.0.0 start: `node server`
14 verbose stack Exit status 3221225786
14 verbose stack     at EventEmitter.<anonymous> (D:\Program Files (x86)\node_modules\npm\lib\utils\lifecycle.js:255:16)
14 verbose stack     at emitTwo (events.js:106:13)
14 verbose stack     at EventEmitter.emit (events.js:191:7)
14 verbose stack     at ChildProcess.<anonymous> (D:\Program Files (x86)\node_modules\npm\lib\utils\spawn.js:40:14)
14 verbose stack     at emitTwo (events.js:106:13)
14 verbose stack     at ChildProcess.emit (events.js:191:7)
14 verbose stack     at maybeClose (internal/child_process.js:877:16)
14 verbose stack     at Process.ChildProcess._handle.onexit (internal/child_process.js:226:5)
15 verbose pkgid AluraTyper@1.0.0
16 verbose cwd C:\Users\Gcarp\Documents\Cursos Alura - Aulas\Curso Alura - JQUERY - DOMINE A BIBLIOTECA MAIS POPULAR DO MERCADO\alura-typer\servidor
17 error Windows_NT 10.0.14393
18 error argv "D:\\Program Files (x86)\\node.exe" "D:\\Program Files (x86)\\node_modules\\npm\\bin\\npm-cli.js" "start"
19 error node v6.9.4
20 error npm  v3.10.10
21 error code ELIFECYCLE
22 error AluraTyper@1.0.0 start: `node server`
22 error Exit status 3221225786
23 error Failed at the AluraTyper@1.0.0 start script 'node server'.
23 error Make sure you have the latest version of node.js and npm installed.
23 error If you do, this is most likely a problem with the AluraTyper package,
23 error not with npm itself.
23 error Tell the author that this fails on your system:
23 error     node server
23 error You can get information on how to open an issue for this project with:
23 error     npm bugs AluraTyper
23 error Or if that isn't available, you can get their info via:
23 error     npm owner ls AluraTyper
23 error There is likely additional logging output above.
24 verbose exit [ 1, true ]
